

Started GET "/" for 127.0.0.1 at 2015-10-05 20:29:20 -0500
Processing by Rails::WelcomeController#index as HTML
  Rendered /home/sarath/.rvm/gems/ruby-2.0.0-p643@myapp/gems/railties-4.2.4/lib/rails/templates/rails/welcome/index.html.erb (1.6ms)
Completed 200 OK in 12ms (Views: 5.2ms | ActiveRecord: 0.0ms)


Started GET "/" for 127.0.0.1 at 2015-10-05 23:39:01 -0500
Processing by StocksController#index as HTML
  Rendered stocks/index.html.erb within layouts/application (0.3ms)
Completed 200 OK in 856ms (Views: 855.7ms | ActiveRecord: 0.0ms)


Started GET "/assets/stocks.self-e3b0c44298fc1c149afbf4c8996fb92427ae41e4649b934ca495991b7852b855.css?body=1" for 127.0.0.1 at 2015-10-05 23:39:02 -0500


Started GET "/assets/application.self-e80e8f2318043e8af94dddc2adad5a4f09739a8ebb323b3ab31cd71d45fd9113.css?body=1" for 127.0.0.1 at 2015-10-05 23:39:02 -0500


Started GET "/assets/table.self-e3b0c44298fc1c149afbf4c8996fb92427ae41e4649b934ca495991b7852b855.css?body=1" for 127.0.0.1 at 2015-10-05 23:39:02 -0500


Started GET "/assets/jquery.self-a714331225dda820228db323939889f149aec0127aeb06255646b616ba1ca419.js?body=1" for 127.0.0.1 at 2015-10-05 23:39:02 -0500


Started GET "/assets/jquery_ujs.self-d456baa54c1fa6be2ec3711f0a72ddf7a5b2f34a6b4f515f33767d6207b7d4b3.js?body=1" for 127.0.0.1 at 2015-10-05 23:39:02 -0500


Started GET "/assets/turbolinks.self-c37727e9bd6b2735da5c311aa83fead54ed0be6cc8bd9a65309e9c5abe2cbfff.js?body=1" for 127.0.0.1 at 2015-10-05 23:39:02 -0500


Started GET "/assets/stocks.self-877aef30ae1b040ab8a3aba4e3e309a11d7f2612f44dde450b5c157aa5f95c05.js?body=1" for 127.0.0.1 at 2015-10-05 23:39:02 -0500


Started GET "/assets/application.self-3b8dabdc891efe46b9a144b400ad69e37d7e5876bdc39dee783419a69d7ca819.js?body=1" for 127.0.0.1 at 2015-10-05 23:39:02 -0500


Started GET "/assets/table.self-877aef30ae1b040ab8a3aba4e3e309a11d7f2612f44dde450b5c157aa5f95c05.js?body=1" for 127.0.0.1 at 2015-10-05 23:39:02 -0500


Started GET "/table/myown" for 127.0.0.1 at 2015-10-05 23:39:04 -0500

ActionController::RoutingError (No route matches [GET] "/table/myown"):
  actionpack (4.2.4) lib/action_dispatch/middleware/debug_exceptions.rb:21:in `call'
  web-console (2.2.1) lib/web_console/middleware.rb:39:in `call'
  actionpack (4.2.4) lib/action_dispatch/middleware/show_exceptions.rb:30:in `call'
  railties (4.2.4) lib/rails/rack/logger.rb:38:in `call_app'
  railties (4.2.4) lib/rails/rack/logger.rb:20:in `block in call'
  activesupport (4.2.4) lib/active_support/tagged_logging.rb:68:in `block in tagged'
  activesupport (4.2.4) lib/active_support/tagged_logging.rb:26:in `tagged'
  activesupport (4.2.4) lib/active_support/tagged_logging.rb:68:in `tagged'
  railties (4.2.4) lib/rails/rack/logger.rb:20:in `call'
  actionpack (4.2.4) lib/action_dispatch/middleware/request_id.rb:21:in `call'
  rack (1.6.4) lib/rack/methodoverride.rb:22:in `call'
  rack (1.6.4) lib/rack/runtime.rb:18:in `call'
  activesupport (4.2.4) lib/active_support/cache/strategy/local_cache_middleware.rb:28:in `call'
  rack (1.6.4) lib/rack/lock.rb:17:in `call'
  actionpack (4.2.4) lib/action_dispatch/middleware/static.rb:116:in `call'
  rack (1.6.4) lib/rack/sendfile.rb:113:in `call'
  railties (4.2.4) lib/rails/engine.rb:518:in `call'
  railties (4.2.4) lib/rails/application.rb:165:in `call'
  rack (1.6.4) lib/rack/lock.rb:17:in `call'
  rack (1.6.4) lib/rack/content_length.rb:15:in `call'
  rack (1.6.4) lib/rack/handler/webrick.rb:88:in `service'
  /home/sarath/.rvm/rubies/ruby-2.0.0-p643/lib/ruby/2.0.0/webrick/httpserver.rb:138:in `service'
  /home/sarath/.rvm/rubies/ruby-2.0.0-p643/lib/ruby/2.0.0/webrick/httpserver.rb:94:in `run'
  /home/sarath/.rvm/rubies/ruby-2.0.0-p643/lib/ruby/2.0.0/webrick/server.rb:295:in `block in start_thread'


  Rendered /home/sarath/.rvm/gems/ruby-2.0.0-p643@myapp/gems/actionpack-4.2.4/lib/action_dispatch/middleware/templates/rescues/_trace.text.erb (0.4ms)
  Rendered /home/sarath/.rvm/gems/ruby-2.0.0-p643@myapp/gems/actionpack-4.2.4/lib/action_dispatch/middleware/templates/rescues/routing_error.text.erb (3.5ms)
  Rendered /home/sarath/.rvm/gems/ruby-2.0.0-p643@myapp/gems/web-console-2.2.1/lib/web_console/templates/_markup.html.erb (0.4ms)
  Rendered /home/sarath/.rvm/gems/ruby-2.0.0-p643@myapp/gems/web-console-2.2.1/lib/web_console/templates/_inner_console_markup.html.erb within layouts/inlined_string (0.3ms)
  Rendered /home/sarath/.rvm/gems/ruby-2.0.0-p643@myapp/gems/web-console-2.2.1/lib/web_console/templates/_prompt_box_markup.html.erb within layouts/inlined_string (0.2ms)
  Rendered /home/sarath/.rvm/gems/ruby-2.0.0-p643@myapp/gems/web-console-2.2.1/lib/web_console/templates/style.css.erb within layouts/inlined_string (0.2ms)
  Rendered /home/sarath/.rvm/gems/ruby-2.0.0-p643@myapp/gems/web-console-2.2.1/lib/web_console/templates/console.js.erb within layouts/javascript (11.8ms)
  Rendered /home/sarath/.rvm/gems/ruby-2.0.0-p643@myapp/gems/web-console-2.2.1/lib/web_console/templates/main.js.erb within layouts/javascript (0.4ms)
  Rendered /home/sarath/.rvm/gems/ruby-2.0.0-p643@myapp/gems/web-console-2.2.1/lib/web_console/templates/error_page.js.erb within layouts/javascript (0.4ms)
  Rendered /home/sarath/.rvm/gems/ruby-2.0.0-p643@myapp/gems/web-console-2.2.1/lib/web_console/templates/index.html.erb (26.8ms)


Started GET "/table/myown" for 127.0.0.1 at 2015-10-05 23:39:05 -0500

ActionController::RoutingError (No route matches [GET] "/table/myown"):
  actionpack (4.2.4) lib/action_dispatch/middleware/debug_exceptions.rb:21:in `call'
  web-console (2.2.1) lib/web_console/middleware.rb:39:in `call'
  actionpack (4.2.4) lib/action_dispatch/middleware/show_exceptions.rb:30:in `call'
  railties (4.2.4) lib/rails/rack/logger.rb:38:in `call_app'
  railties (4.2.4) lib/rails/rack/logger.rb:20:in `block in call'
  activesupport (4.2.4) lib/active_support/tagged_logging.rb:68:in `block in tagged'
  activesupport (4.2.4) lib/active_support/tagged_logging.rb:26:in `tagged'
  activesupport (4.2.4) lib/active_support/tagged_logging.rb:68:in `tagged'
  railties (4.2.4) lib/rails/rack/logger.rb:20:in `call'
  actionpack (4.2.4) lib/action_dispatch/middleware/request_id.rb:21:in `call'
  rack (1.6.4) lib/rack/methodoverride.rb:22:in `call'
  rack (1.6.4) lib/rack/runtime.rb:18:in `call'
  activesupport (4.2.4) lib/active_support/cache/strategy/local_cache_middleware.rb:28:in `call'
  rack (1.6.4) lib/rack/lock.rb:17:in `call'
  actionpack (4.2.4) lib/action_dispatch/middleware/static.rb:116:in `call'
  rack (1.6.4) lib/rack/sendfile.rb:113:in `call'
  railties (4.2.4) lib/rails/engine.rb:518:in `call'
  railties (4.2.4) lib/rails/application.rb:165:in `call'
  rack (1.6.4) lib/rack/lock.rb:17:in `call'
  rack (1.6.4) lib/rack/content_length.rb:15:in `call'
  rack (1.6.4) lib/rack/handler/webrick.rb:88:in `service'
  /home/sarath/.rvm/rubies/ruby-2.0.0-p643/lib/ruby/2.0.0/webrick/httpserver.rb:138:in `service'
  /home/sarath/.rvm/rubies/ruby-2.0.0-p643/lib/ruby/2.0.0/webrick/httpserver.rb:94:in `run'
  /home/sarath/.rvm/rubies/ruby-2.0.0-p643/lib/ruby/2.0.0/webrick/server.rb:295:in `block in start_thread'


  Rendered /home/sarath/.rvm/gems/ruby-2.0.0-p643@myapp/gems/actionpack-4.2.4/lib/action_dispatch/middleware/templates/rescues/_trace.text.erb (0.4ms)
  Rendered /home/sarath/.rvm/gems/ruby-2.0.0-p643@myapp/gems/actionpack-4.2.4/lib/action_dispatch/middleware/templates/rescues/routing_error.text.erb (3.3ms)
  Rendered /home/sarath/.rvm/gems/ruby-2.0.0-p643@myapp/gems/web-console-2.2.1/lib/web_console/templates/_markup.html.erb (0.3ms)
  Rendered /home/sarath/.rvm/gems/ruby-2.0.0-p643@myapp/gems/web-console-2.2.1/lib/web_console/templates/_inner_console_markup.html.erb within layouts/inlined_string (0.3ms)
  Rendered /home/sarath/.rvm/gems/ruby-2.0.0-p643@myapp/gems/web-console-2.2.1/lib/web_console/templates/_prompt_box_markup.html.erb within layouts/inlined_string (0.2ms)
  Rendered /home/sarath/.rvm/gems/ruby-2.0.0-p643@myapp/gems/web-console-2.2.1/lib/web_console/templates/style.css.erb within layouts/inlined_string (0.2ms)
  Rendered /home/sarath/.rvm/gems/ruby-2.0.0-p643@myapp/gems/web-console-2.2.1/lib/web_console/templates/console.js.erb within layouts/javascript (11.0ms)
  Rendered /home/sarath/.rvm/gems/ruby-2.0.0-p643@myapp/gems/web-console-2.2.1/lib/web_console/templates/main.js.erb within layouts/javascript (0.4ms)
  Rendered /home/sarath/.rvm/gems/ruby-2.0.0-p643@myapp/gems/web-console-2.2.1/lib/web_console/templates/error_page.js.erb within layouts/javascript (0.5ms)
  Rendered /home/sarath/.rvm/gems/ruby-2.0.0-p643@myapp/gems/web-console-2.2.1/lib/web_console/templates/index.html.erb (24.0ms)


Started GET "/table/myown" for 127.0.0.1 at 2015-10-05 23:39:06 -0500

ActionController::RoutingError (No route matches [GET] "/table/myown"):
  actionpack (4.2.4) lib/action_dispatch/middleware/debug_exceptions.rb:21:in `call'
  web-console (2.2.1) lib/web_console/middleware.rb:39:in `call'
  actionpack (4.2.4) lib/action_dispatch/middleware/show_exceptions.rb:30:in `call'
  railties (4.2.4) lib/rails/rack/logger.rb:38:in `call_app'
  railties (4.2.4) lib/rails/rack/logger.rb:20:in `block in call'
  activesupport (4.2.4) lib/active_support/tagged_logging.rb:68:in `block in tagged'
  activesupport (4.2.4) lib/active_support/tagged_logging.rb:26:in `tagged'
  activesupport (4.2.4) lib/active_support/tagged_logging.rb:68:in `tagged'
  railties (4.2.4) lib/rails/rack/logger.rb:20:in `call'
  actionpack (4.2.4) lib/action_dispatch/middleware/request_id.rb:21:in `call'
  rack (1.6.4) lib/rack/methodoverride.rb:22:in `call'
  rack (1.6.4) lib/rack/runtime.rb:18:in `call'
  activesupport (4.2.4) lib/active_support/cache/strategy/local_cache_middleware.rb:28:in `call'
  rack (1.6.4) lib/rack/lock.rb:17:in `call'
  actionpack (4.2.4) lib/action_dispatch/middleware/static.rb:116:in `call'
  rack (1.6.4) lib/rack/sendfile.rb:113:in `call'
  railties (4.2.4) lib/rails/engine.rb:518:in `call'
  railties (4.2.4) lib/rails/application.rb:165:in `call'
  rack (1.6.4) lib/rack/lock.rb:17:in `call'
  rack (1.6.4) lib/rack/content_length.rb:15:in `call'
  rack (1.6.4) lib/rack/handler/webrick.rb:88:in `service'
  /home/sarath/.rvm/rubies/ruby-2.0.0-p643/lib/ruby/2.0.0/webrick/httpserver.rb:138:in `service'
  /home/sarath/.rvm/rubies/ruby-2.0.0-p643/lib/ruby/2.0.0/webrick/httpserver.rb:94:in `run'
  /home/sarath/.rvm/rubies/ruby-2.0.0-p643/lib/ruby/2.0.0/webrick/server.rb:295:in `block in start_thread'


  Rendered /home/sarath/.rvm/gems/ruby-2.0.0-p643@myapp/gems/actionpack-4.2.4/lib/action_dispatch/middleware/templates/rescues/_trace.text.erb (0.4ms)
  Rendered /home/sarath/.rvm/gems/ruby-2.0.0-p643@myapp/gems/actionpack-4.2.4/lib/action_dispatch/middleware/templates/rescues/routing_error.text.erb (3.4ms)
  Rendered /home/sarath/.rvm/gems/ruby-2.0.0-p643@myapp/gems/web-console-2.2.1/lib/web_console/templates/_markup.html.erb (0.4ms)
  Rendered /home/sarath/.rvm/gems/ruby-2.0.0-p643@myapp/gems/web-console-2.2.1/lib/web_console/templates/_inner_console_markup.html.erb within layouts/inlined_string (0.2ms)
  Rendered /home/sarath/.rvm/gems/ruby-2.0.0-p643@myapp/gems/web-console-2.2.1/lib/web_console/templates/_prompt_box_markup.html.erb within layouts/inlined_string (0.2ms)
  Rendered /home/sarath/.rvm/gems/ruby-2.0.0-p643@myapp/gems/web-console-2.2.1/lib/web_console/templates/style.css.erb within layouts/inlined_string (0.4ms)
  Rendered /home/sarath/.rvm/gems/ruby-2.0.0-p643@myapp/gems/web-console-2.2.1/lib/web_console/templates/console.js.erb within layouts/javascript (11.2ms)
  Rendered /home/sarath/.rvm/gems/ruby-2.0.0-p643@myapp/gems/web-console-2.2.1/lib/web_console/templates/main.js.erb within layouts/javascript (0.3ms)
  Rendered /home/sarath/.rvm/gems/ruby-2.0.0-p643@myapp/gems/web-console-2.2.1/lib/web_console/templates/error_page.js.erb within layouts/javascript (0.3ms)
  Rendered /home/sarath/.rvm/gems/ruby-2.0.0-p643@myapp/gems/web-console-2.2.1/lib/web_console/templates/index.html.erb (23.5ms)


Started GET "/table/myown" for 127.0.0.1 at 2015-10-05 23:39:06 -0500

ActionController::RoutingError (No route matches [GET] "/table/myown"):
  actionpack (4.2.4) lib/action_dispatch/middleware/debug_exceptions.rb:21:in `call'
  web-console (2.2.1) lib/web_console/middleware.rb:39:in `call'
  actionpack (4.2.4) lib/action_dispatch/middleware/show_exceptions.rb:30:in `call'
  railties (4.2.4) lib/rails/rack/logger.rb:38:in `call_app'
  railties (4.2.4) lib/rails/rack/logger.rb:20:in `block in call'
  activesupport (4.2.4) lib/active_support/tagged_logging.rb:68:in `block in tagged'
  activesupport (4.2.4) lib/active_support/tagged_logging.rb:26:in `tagged'
  activesupport (4.2.4) lib/active_support/tagged_logging.rb:68:in `tagged'
  railties (4.2.4) lib/rails/rack/logger.rb:20:in `call'
  actionpack (4.2.4) lib/action_dispatch/middleware/request_id.rb:21:in `call'
  rack (1.6.4) lib/rack/methodoverride.rb:22:in `call'
  rack (1.6.4) lib/rack/runtime.rb:18:in `call'
  activesupport (4.2.4) lib/active_support/cache/strategy/local_cache_middleware.rb:28:in `call'
  rack (1.6.4) lib/rack/lock.rb:17:in `call'
  actionpack (4.2.4) lib/action_dispatch/middleware/static.rb:116:in `call'
  rack (1.6.4) lib/rack/sendfile.rb:113:in `call'
  railties (4.2.4) lib/rails/engine.rb:518:in `call'
  railties (4.2.4) lib/rails/application.rb:165:in `call'
  rack (1.6.4) lib/rack/lock.rb:17:in `call'
  rack (1.6.4) lib/rack/content_length.rb:15:in `call'
  rack (1.6.4) lib/rack/handler/webrick.rb:88:in `service'
  /home/sarath/.rvm/rubies/ruby-2.0.0-p643/lib/ruby/2.0.0/webrick/httpserver.rb:138:in `service'
  /home/sarath/.rvm/rubies/ruby-2.0.0-p643/lib/ruby/2.0.0/webrick/httpserver.rb:94:in `run'
  /home/sarath/.rvm/rubies/ruby-2.0.0-p643/lib/ruby/2.0.0/webrick/server.rb:295:in `block in start_thread'


  Rendered /home/sarath/.rvm/gems/ruby-2.0.0-p643@myapp/gems/actionpack-4.2.4/lib/action_dispatch/middleware/templates/rescues/_trace.text.erb (0.4ms)
  Rendered /home/sarath/.rvm/gems/ruby-2.0.0-p643@myapp/gems/actionpack-4.2.4/lib/action_dispatch/middleware/templates/rescues/routing_error.text.erb (3.5ms)
  Rendered /home/sarath/.rvm/gems/ruby-2.0.0-p643@myapp/gems/web-console-2.2.1/lib/web_console/templates/_markup.html.erb (0.3ms)
  Rendered /home/sarath/.rvm/gems/ruby-2.0.0-p643@myapp/gems/web-console-2.2.1/lib/web_console/templates/_inner_console_markup.html.erb within layouts/inlined_string (0.3ms)
  Rendered /home/sarath/.rvm/gems/ruby-2.0.0-p643@myapp/gems/web-console-2.2.1/lib/web_console/templates/_prompt_box_markup.html.erb within layouts/inlined_string (0.3ms)
  Rendered /home/sarath/.rvm/gems/ruby-2.0.0-p643@myapp/gems/web-console-2.2.1/lib/web_console/templates/style.css.erb within layouts/inlined_string (0.2ms)
  Rendered /home/sarath/.rvm/gems/ruby-2.0.0-p643@myapp/gems/web-console-2.2.1/lib/web_console/templates/console.js.erb within layouts/javascript (11.5ms)
  Rendered /home/sarath/.rvm/gems/ruby-2.0.0-p643@myapp/gems/web-console-2.2.1/lib/web_console/templates/main.js.erb within layouts/javascript (0.3ms)
  Rendered /home/sarath/.rvm/gems/ruby-2.0.0-p643@myapp/gems/web-console-2.2.1/lib/web_console/templates/error_page.js.erb within layouts/javascript (0.3ms)
  Rendered /home/sarath/.rvm/gems/ruby-2.0.0-p643@myapp/gems/web-console-2.2.1/lib/web_console/templates/index.html.erb (23.3ms)


Started GET "/" for 127.0.0.1 at 2015-10-05 23:54:03 -0500
Processing by StocksController#index as HTML
  Rendered stocks/index.html.erb within layouts/application (0.5ms)
Completed 200 OK in 32ms (Views: 31.3ms | ActiveRecord: 0.0ms)


Started GET "/table/myown" for 127.0.0.1 at 2015-10-05 23:54:12 -0500

ActionController::RoutingError (No route matches [GET] "/table/myown"):
  actionpack (4.2.4) lib/action_dispatch/middleware/debug_exceptions.rb:21:in `call'
  web-console (2.2.1) lib/web_console/middleware.rb:39:in `call'
  actionpack (4.2.4) lib/action_dispatch/middleware/show_exceptions.rb:30:in `call'
  railties (4.2.4) lib/rails/rack/logger.rb:38:in `call_app'
  railties (4.2.4) lib/rails/rack/logger.rb:20:in `block in call'
  activesupport (4.2.4) lib/active_support/tagged_logging.rb:68:in `block in tagged'
  activesupport (4.2.4) lib/active_support/tagged_logging.rb:26:in `tagged'
  activesupport (4.2.4) lib/active_support/tagged_logging.rb:68:in `tagged'
  railties (4.2.4) lib/rails/rack/logger.rb:20:in `call'
  actionpack (4.2.4) lib/action_dispatch/middleware/request_id.rb:21:in `call'
  rack (1.6.4) lib/rack/methodoverride.rb:22:in `call'
  rack (1.6.4) lib/rack/runtime.rb:18:in `call'
  activesupport (4.2.4) lib/active_support/cache/strategy/local_cache_middleware.rb:28:in `call'
  rack (1.6.4) lib/rack/lock.rb:17:in `call'
  actionpack (4.2.4) lib/action_dispatch/middleware/static.rb:116:in `call'
  rack (1.6.4) lib/rack/sendfile.rb:113:in `call'
  railties (4.2.4) lib/rails/engine.rb:518:in `call'
  railties (4.2.4) lib/rails/application.rb:165:in `call'
  rack (1.6.4) lib/rack/lock.rb:17:in `call'
  rack (1.6.4) lib/rack/content_length.rb:15:in `call'
  rack (1.6.4) lib/rack/handler/webrick.rb:88:in `service'
  /home/sarath/.rvm/rubies/ruby-2.0.0-p643/lib/ruby/2.0.0/webrick/httpserver.rb:138:in `service'
  /home/sarath/.rvm/rubies/ruby-2.0.0-p643/lib/ruby/2.0.0/webrick/httpserver.rb:94:in `run'
  /home/sarath/.rvm/rubies/ruby-2.0.0-p643/lib/ruby/2.0.0/webrick/server.rb:295:in `block in start_thread'


  Rendered /home/sarath/.rvm/gems/ruby-2.0.0-p643@myapp/gems/actionpack-4.2.4/lib/action_dispatch/middleware/templates/rescues/_trace.text.erb (0.5ms)
  Rendered /home/sarath/.rvm/gems/ruby-2.0.0-p643@myapp/gems/actionpack-4.2.4/lib/action_dispatch/middleware/templates/rescues/routing_error.text.erb (4.0ms)
  Rendered /home/sarath/.rvm/gems/ruby-2.0.0-p643@myapp/gems/web-console-2.2.1/lib/web_console/templates/_markup.html.erb (0.3ms)
  Rendered /home/sarath/.rvm/gems/ruby-2.0.0-p643@myapp/gems/web-console-2.2.1/lib/web_console/templates/_inner_console_markup.html.erb within layouts/inlined_string (0.2ms)
  Rendered /home/sarath/.rvm/gems/ruby-2.0.0-p643@myapp/gems/web-console-2.2.1/lib/web_console/templates/_prompt_box_markup.html.erb within layouts/inlined_string (0.3ms)
  Rendered /home/sarath/.rvm/gems/ruby-2.0.0-p643@myapp/gems/web-console-2.2.1/lib/web_console/templates/style.css.erb within layouts/inlined_string (0.2ms)
  Rendered /home/sarath/.rvm/gems/ruby-2.0.0-p643@myapp/gems/web-console-2.2.1/lib/web_console/templates/console.js.erb within layouts/javascript (10.7ms)
  Rendered /home/sarath/.rvm/gems/ruby-2.0.0-p643@myapp/gems/web-console-2.2.1/lib/web_console/templates/main.js.erb within layouts/javascript (0.2ms)
  Rendered /home/sarath/.rvm/gems/ruby-2.0.0-p643@myapp/gems/web-console-2.2.1/lib/web_console/templates/error_page.js.erb within layouts/javascript (0.4ms)
  Rendered /home/sarath/.rvm/gems/ruby-2.0.0-p643@myapp/gems/web-console-2.2.1/lib/web_console/templates/index.html.erb (23.4ms)


Started GET "/table/myown" for 127.0.0.1 at 2015-10-05 23:54:19 -0500

ActionController::RoutingError (No route matches [GET] "/table/myown"):
  actionpack (4.2.4) lib/action_dispatch/middleware/debug_exceptions.rb:21:in `call'
  web-console (2.2.1) lib/web_console/middleware.rb:39:in `call'
  actionpack (4.2.4) lib/action_dispatch/middleware/show_exceptions.rb:30:in `call'
  railties (4.2.4) lib/rails/rack/logger.rb:38:in `call_app'
  railties (4.2.4) lib/rails/rack/logger.rb:20:in `block in call'
  activesupport (4.2.4) lib/active_support/tagged_logging.rb:68:in `block in tagged'
  activesupport (4.2.4) lib/active_support/tagged_logging.rb:26:in `tagged'
  activesupport (4.2.4) lib/active_support/tagged_logging.rb:68:in `tagged'
  railties (4.2.4) lib/rails/rack/logger.rb:20:in `call'
  actionpack (4.2.4) lib/action_dispatch/middleware/request_id.rb:21:in `call'
  rack (1.6.4) lib/rack/methodoverride.rb:22:in `call'
  rack (1.6.4) lib/rack/runtime.rb:18:in `call'
  activesupport (4.2.4) lib/active_support/cache/strategy/local_cache_middleware.rb:28:in `call'
  rack (1.6.4) lib/rack/lock.rb:17:in `call'
  actionpack (4.2.4) lib/action_dispatch/middleware/static.rb:116:in `call'
  rack (1.6.4) lib/rack/sendfile.rb:113:in `call'
  railties (4.2.4) lib/rails/engine.rb:518:in `call'
  railties (4.2.4) lib/rails/application.rb:165:in `call'
  rack (1.6.4) lib/rack/lock.rb:17:in `call'
  rack (1.6.4) lib/rack/content_length.rb:15:in `call'
  rack (1.6.4) lib/rack/handler/webrick.rb:88:in `service'
  /home/sarath/.rvm/rubies/ruby-2.0.0-p643/lib/ruby/2.0.0/webrick/httpserver.rb:138:in `service'
  /home/sarath/.rvm/rubies/ruby-2.0.0-p643/lib/ruby/2.0.0/webrick/httpserver.rb:94:in `run'
  /home/sarath/.rvm/rubies/ruby-2.0.0-p643/lib/ruby/2.0.0/webrick/server.rb:295:in `block in start_thread'


  Rendered /home/sarath/.rvm/gems/ruby-2.0.0-p643@myapp/gems/actionpack-4.2.4/lib/action_dispatch/middleware/templates/rescues/_trace.text.erb (0.7ms)
  Rendered /home/sarath/.rvm/gems/ruby-2.0.0-p643@myapp/gems/actionpack-4.2.4/lib/action_dispatch/middleware/templates/rescues/routing_error.text.erb (5.3ms)
  Rendered /home/sarath/.rvm/gems/ruby-2.0.0-p643@myapp/gems/web-console-2.2.1/lib/web_console/templates/_markup.html.erb (0.3ms)
  Rendered /home/sarath/.rvm/gems/ruby-2.0.0-p643@myapp/gems/web-console-2.2.1/lib/web_console/templates/_inner_console_markup.html.erb within layouts/inlined_string (0.3ms)
  Rendered /home/sarath/.rvm/gems/ruby-2.0.0-p643@myapp/gems/web-console-2.2.1/lib/web_console/templates/_prompt_box_markup.html.erb within layouts/inlined_string (0.3ms)
  Rendered /home/sarath/.rvm/gems/ruby-2.0.0-p643@myapp/gems/web-console-2.2.1/lib/web_console/templates/style.css.erb within layouts/inlined_string (0.2ms)
  Rendered /home/sarath/.rvm/gems/ruby-2.0.0-p643@myapp/gems/web-console-2.2.1/lib/web_console/templates/console.js.erb within layouts/javascript (11.3ms)
  Rendered /home/sarath/.rvm/gems/ruby-2.0.0-p643@myapp/gems/web-console-2.2.1/lib/web_console/templates/main.js.erb within layouts/javascript (0.2ms)
  Rendered /home/sarath/.rvm/gems/ruby-2.0.0-p643@myapp/gems/web-console-2.2.1/lib/web_console/templates/error_page.js.erb within layouts/javascript (0.3ms)
  Rendered /home/sarath/.rvm/gems/ruby-2.0.0-p643@myapp/gems/web-console-2.2.1/lib/web_console/templates/index.html.erb (22.8ms)


Started GET "/" for 127.0.0.1 at 2015-10-05 23:55:38 -0500
Processing by StocksController#index as HTML
  Rendered stocks/index.html.erb within layouts/application (0.3ms)
Completed 200 OK in 72ms (Views: 71.5ms | ActiveRecord: 0.0ms)


Started GET "/table/myown" for 127.0.0.1 at 2015-10-05 23:55:44 -0500

ActionController::RoutingError (No route matches [GET] "/table/myown"):
  actionpack (4.2.4) lib/action_dispatch/middleware/debug_exceptions.rb:21:in `call'
  web-console (2.2.1) lib/web_console/middleware.rb:39:in `call'
  actionpack (4.2.4) lib/action_dispatch/middleware/show_exceptions.rb:30:in `call'
  railties (4.2.4) lib/rails/rack/logger.rb:38:in `call_app'
  railties (4.2.4) lib/rails/rack/logger.rb:20:in `block in call'
  activesupport (4.2.4) lib/active_support/tagged_logging.rb:68:in `block in tagged'
  activesupport (4.2.4) lib/active_support/tagged_logging.rb:26:in `tagged'
  activesupport (4.2.4) lib/active_support/tagged_logging.rb:68:in `tagged'
  railties (4.2.4) lib/rails/rack/logger.rb:20:in `call'
  actionpack (4.2.4) lib/action_dispatch/middleware/request_id.rb:21:in `call'
  rack (1.6.4) lib/rack/methodoverride.rb:22:in `call'
  rack (1.6.4) lib/rack/runtime.rb:18:in `call'
  activesupport (4.2.4) lib/active_support/cache/strategy/local_cache_middleware.rb:28:in `call'
  rack (1.6.4) lib/rack/lock.rb:17:in `call'
  actionpack (4.2.4) lib/action_dispatch/middleware/static.rb:116:in `call'
  rack (1.6.4) lib/rack/sendfile.rb:113:in `call'
  railties (4.2.4) lib/rails/engine.rb:518:in `call'
  railties (4.2.4) lib/rails/application.rb:165:in `call'
  rack (1.6.4) lib/rack/lock.rb:17:in `call'
  rack (1.6.4) lib/rack/content_length.rb:15:in `call'
  rack (1.6.4) lib/rack/handler/webrick.rb:88:in `service'
  /home/sarath/.rvm/rubies/ruby-2.0.0-p643/lib/ruby/2.0.0/webrick/httpserver.rb:138:in `service'
  /home/sarath/.rvm/rubies/ruby-2.0.0-p643/lib/ruby/2.0.0/webrick/httpserver.rb:94:in `run'
  /home/sarath/.rvm/rubies/ruby-2.0.0-p643/lib/ruby/2.0.0/webrick/server.rb:295:in `block in start_thread'


  Rendered /home/sarath/.rvm/gems/ruby-2.0.0-p643@myapp/gems/actionpack-4.2.4/lib/action_dispatch/middleware/templates/rescues/_trace.text.erb (0.5ms)
  Rendered /home/sarath/.rvm/gems/ruby-2.0.0-p643@myapp/gems/actionpack-4.2.4/lib/action_dispatch/middleware/templates/rescues/routing_error.text.erb (3.8ms)
  Rendered /home/sarath/.rvm/gems/ruby-2.0.0-p643@myapp/gems/web-console-2.2.1/lib/web_console/templates/_markup.html.erb (0.5ms)
  Rendered /home/sarath/.rvm/gems/ruby-2.0.0-p643@myapp/gems/web-console-2.2.1/lib/web_console/templates/_inner_console_markup.html.erb within layouts/inlined_string (0.2ms)
  Rendered /home/sarath/.rvm/gems/ruby-2.0.0-p643@myapp/gems/web-console-2.2.1/lib/web_console/templates/_prompt_box_markup.html.erb within layouts/inlined_string (0.2ms)
  Rendered /home/sarath/.rvm/gems/ruby-2.0.0-p643@myapp/gems/web-console-2.2.1/lib/web_console/templates/style.css.erb within layouts/inlined_string (0.2ms)
  Rendered /home/sarath/.rvm/gems/ruby-2.0.0-p643@myapp/gems/web-console-2.2.1/lib/web_console/templates/console.js.erb within layouts/javascript (10.7ms)
  Rendered /home/sarath/.rvm/gems/ruby-2.0.0-p643@myapp/gems/web-console-2.2.1/lib/web_console/templates/main.js.erb within layouts/javascript (0.3ms)
  Rendered /home/sarath/.rvm/gems/ruby-2.0.0-p643@myapp/gems/web-console-2.2.1/lib/web_console/templates/error_page.js.erb within layouts/javascript (0.3ms)
  Rendered /home/sarath/.rvm/gems/ruby-2.0.0-p643@myapp/gems/web-console-2.2.1/lib/web_console/templates/index.html.erb (24.5ms)


Started GET "/table/myown" for 127.0.0.1 at 2015-10-05 23:55:49 -0500

ActionController::RoutingError (No route matches [GET] "/table/myown"):
  actionpack (4.2.4) lib/action_dispatch/middleware/debug_exceptions.rb:21:in `call'
  web-console (2.2.1) lib/web_console/middleware.rb:39:in `call'
  actionpack (4.2.4) lib/action_dispatch/middleware/show_exceptions.rb:30:in `call'
  railties (4.2.4) lib/rails/rack/logger.rb:38:in `call_app'
  railties (4.2.4) lib/rails/rack/logger.rb:20:in `block in call'
  activesupport (4.2.4) lib/active_support/tagged_logging.rb:68:in `block in tagged'
  activesupport (4.2.4) lib/active_support/tagged_logging.rb:26:in `tagged'
  activesupport (4.2.4) lib/active_support/tagged_logging.rb:68:in `tagged'
  railties (4.2.4) lib/rails/rack/logger.rb:20:in `call'
  actionpack (4.2.4) lib/action_dispatch/middleware/request_id.rb:21:in `call'
  rack (1.6.4) lib/rack/methodoverride.rb:22:in `call'
  rack (1.6.4) lib/rack/runtime.rb:18:in `call'
  activesupport (4.2.4) lib/active_support/cache/strategy/local_cache_middleware.rb:28:in `call'
  rack (1.6.4) lib/rack/lock.rb:17:in `call'
  actionpack (4.2.4) lib/action_dispatch/middleware/static.rb:116:in `call'
  rack (1.6.4) lib/rack/sendfile.rb:113:in `call'
  railties (4.2.4) lib/rails/engine.rb:518:in `call'
  railties (4.2.4) lib/rails/application.rb:165:in `call'
  rack (1.6.4) lib/rack/lock.rb:17:in `call'
  rack (1.6.4) lib/rack/content_length.rb:15:in `call'
  rack (1.6.4) lib/rack/handler/webrick.rb:88:in `service'
  /home/sarath/.rvm/rubies/ruby-2.0.0-p643/lib/ruby/2.0.0/webrick/httpserver.rb:138:in `service'
  /home/sarath/.rvm/rubies/ruby-2.0.0-p643/lib/ruby/2.0.0/webrick/httpserver.rb:94:in `run'
  /home/sarath/.rvm/rubies/ruby-2.0.0-p643/lib/ruby/2.0.0/webrick/server.rb:295:in `block in start_thread'


  Rendered /home/sarath/.rvm/gems/ruby-2.0.0-p643@myapp/gems/actionpack-4.2.4/lib/action_dispatch/middleware/templates/rescues/_trace.text.erb (0.4ms)
  Rendered /home/sarath/.rvm/gems/ruby-2.0.0-p643@myapp/gems/actionpack-4.2.4/lib/action_dispatch/middleware/templates/rescues/routing_error.text.erb (3.5ms)
  Rendered /home/sarath/.rvm/gems/ruby-2.0.0-p643@myapp/gems/web-console-2.2.1/lib/web_console/templates/_markup.html.erb (0.3ms)
  Rendered /home/sarath/.rvm/gems/ruby-2.0.0-p643@myapp/gems/web-console-2.2.1/lib/web_console/templates/_inner_console_markup.html.erb within layouts/inlined_string (0.4ms)
  Rendered /home/sarath/.rvm/gems/ruby-2.0.0-p643@myapp/gems/web-console-2.2.1/lib/web_console/templates/_prompt_box_markup.html.erb within layouts/inlined_string (0.2ms)
  Rendered /home/sarath/.rvm/gems/ruby-2.0.0-p643@myapp/gems/web-console-2.2.1/lib/web_console/templates/style.css.erb within layouts/inlined_string (0.3ms)
  Rendered /home/sarath/.rvm/gems/ruby-2.0.0-p643@myapp/gems/web-console-2.2.1/lib/web_console/templates/console.js.erb within layouts/javascript (11.5ms)
  Rendered /home/sarath/.rvm/gems/ruby-2.0.0-p643@myapp/gems/web-console-2.2.1/lib/web_console/templates/main.js.erb within layouts/javascript (0.4ms)
  Rendered /home/sarath/.rvm/gems/ruby-2.0.0-p643@myapp/gems/web-console-2.2.1/lib/web_console/templates/error_page.js.erb within layouts/javascript (0.4ms)
  Rendered /home/sarath/.rvm/gems/ruby-2.0.0-p643@myapp/gems/web-console-2.2.1/lib/web_console/templates/index.html.erb (24.0ms)


Started GET "/" for 127.0.0.1 at 2015-10-05 23:56:21 -0500
Processing by StocksController#index as HTML
  Rendered stocks/index.html.erb within layouts/application (0.3ms)
Completed 200 OK in 31ms (Views: 30.0ms | ActiveRecord: 0.0ms)


Started GET "/table/myown" for 127.0.0.1 at 2015-10-05 23:56:24 -0500

ActionController::RoutingError (No route matches [GET] "/table/myown"):
  actionpack (4.2.4) lib/action_dispatch/middleware/debug_exceptions.rb:21:in `call'
  web-console (2.2.1) lib/web_console/middleware.rb:39:in `call'
  actionpack (4.2.4) lib/action_dispatch/middleware/show_exceptions.rb:30:in `call'
  railties (4.2.4) lib/rails/rack/logger.rb:38:in `call_app'
  railties (4.2.4) lib/rails/rack/logger.rb:20:in `block in call'
  activesupport (4.2.4) lib/active_support/tagged_logging.rb:68:in `block in tagged'
  activesupport (4.2.4) lib/active_support/tagged_logging.rb:26:in `tagged'
  activesupport (4.2.4) lib/active_support/tagged_logging.rb:68:in `tagged'
  railties (4.2.4) lib/rails/rack/logger.rb:20:in `call'
  actionpack (4.2.4) lib/action_dispatch/middleware/request_id.rb:21:in `call'
  rack (1.6.4) lib/rack/methodoverride.rb:22:in `call'
  rack (1.6.4) lib/rack/runtime.rb:18:in `call'
  activesupport (4.2.4) lib/active_support/cache/strategy/local_cache_middleware.rb:28:in `call'
  rack (1.6.4) lib/rack/lock.rb:17:in `call'
  actionpack (4.2.4) lib/action_dispatch/middleware/static.rb:116:in `call'
  rack (1.6.4) lib/rack/sendfile.rb:113:in `call'
  railties (4.2.4) lib/rails/engine.rb:518:in `call'
  railties (4.2.4) lib/rails/application.rb:165:in `call'
  rack (1.6.4) lib/rack/lock.rb:17:in `call'
  rack (1.6.4) lib/rack/content_length.rb:15:in `call'
  rack (1.6.4) lib/rack/handler/webrick.rb:88:in `service'
  /home/sarath/.rvm/rubies/ruby-2.0.0-p643/lib/ruby/2.0.0/webrick/httpserver.rb:138:in `service'
  /home/sarath/.rvm/rubies/ruby-2.0.0-p643/lib/ruby/2.0.0/webrick/httpserver.rb:94:in `run'
  /home/sarath/.rvm/rubies/ruby-2.0.0-p643/lib/ruby/2.0.0/webrick/server.rb:295:in `block in start_thread'


  Rendered /home/sarath/.rvm/gems/ruby-2.0.0-p643@myapp/gems/actionpack-4.2.4/lib/action_dispatch/middleware/templates/rescues/_trace.text.erb (0.4ms)
  Rendered /home/sarath/.rvm/gems/ruby-2.0.0-p643@myapp/gems/actionpack-4.2.4/lib/action_dispatch/middleware/templates/rescues/routing_error.text.erb (3.5ms)
  Rendered /home/sarath/.rvm/gems/ruby-2.0.0-p643@myapp/gems/web-console-2.2.1/lib/web_console/templates/_markup.html.erb (0.3ms)
  Rendered /home/sarath/.rvm/gems/ruby-2.0.0-p643@myapp/gems/web-console-2.2.1/lib/web_console/templates/_inner_console_markup.html.erb within layouts/inlined_string (0.3ms)
  Rendered /home/sarath/.rvm/gems/ruby-2.0.0-p643@myapp/gems/web-console-2.2.1/lib/web_console/templates/_prompt_box_markup.html.erb within layouts/inlined_string (0.2ms)
  Rendered /home/sarath/.rvm/gems/ruby-2.0.0-p643@myapp/gems/web-console-2.2.1/lib/web_console/templates/style.css.erb within layouts/inlined_string (0.7ms)
  Rendered /home/sarath/.rvm/gems/ruby-2.0.0-p643@myapp/gems/web-console-2.2.1/lib/web_console/templates/console.js.erb within layouts/javascript (54.9ms)
  Rendered /home/sarath/.rvm/gems/ruby-2.0.0-p643@myapp/gems/web-console-2.2.1/lib/web_console/templates/main.js.erb within layouts/javascript (0.2ms)
  Rendered /home/sarath/.rvm/gems/ruby-2.0.0-p643@myapp/gems/web-console-2.2.1/lib/web_console/templates/error_page.js.erb within layouts/javascript (0.3ms)
  Rendered /home/sarath/.rvm/gems/ruby-2.0.0-p643@myapp/gems/web-console-2.2.1/lib/web_console/templates/index.html.erb (66.5ms)


Started GET "/table/myown" for 127.0.0.1 at 2015-10-05 23:56:28 -0500

ActionController::RoutingError (No route matches [GET] "/table/myown"):
  actionpack (4.2.4) lib/action_dispatch/middleware/debug_exceptions.rb:21:in `call'
  web-console (2.2.1) lib/web_console/middleware.rb:39:in `call'
  actionpack (4.2.4) lib/action_dispatch/middleware/show_exceptions.rb:30:in `call'
  railties (4.2.4) lib/rails/rack/logger.rb:38:in `call_app'
  railties (4.2.4) lib/rails/rack/logger.rb:20:in `block in call'
  activesupport (4.2.4) lib/active_support/tagged_logging.rb:68:in `block in tagged'
  activesupport (4.2.4) lib/active_support/tagged_logging.rb:26:in `tagged'
  activesupport (4.2.4) lib/active_support/tagged_logging.rb:68:in `tagged'
  railties (4.2.4) lib/rails/rack/logger.rb:20:in `call'
  actionpack (4.2.4) lib/action_dispatch/middleware/request_id.rb:21:in `call'
  rack (1.6.4) lib/rack/methodoverride.rb:22:in `call'
  rack (1.6.4) lib/rack/runtime.rb:18:in `call'
  activesupport (4.2.4) lib/active_support/cache/strategy/local_cache_middleware.rb:28:in `call'
  rack (1.6.4) lib/rack/lock.rb:17:in `call'
  actionpack (4.2.4) lib/action_dispatch/middleware/static.rb:116:in `call'
  rack (1.6.4) lib/rack/sendfile.rb:113:in `call'
  railties (4.2.4) lib/rails/engine.rb:518:in `call'
  railties (4.2.4) lib/rails/application.rb:165:in `call'
  rack (1.6.4) lib/rack/lock.rb:17:in `call'
  rack (1.6.4) lib/rack/content_length.rb:15:in `call'
  rack (1.6.4) lib/rack/handler/webrick.rb:88:in `service'
  /home/sarath/.rvm/rubies/ruby-2.0.0-p643/lib/ruby/2.0.0/webrick/httpserver.rb:138:in `service'
  /home/sarath/.rvm/rubies/ruby-2.0.0-p643/lib/ruby/2.0.0/webrick/httpserver.rb:94:in `run'
  /home/sarath/.rvm/rubies/ruby-2.0.0-p643/lib/ruby/2.0.0/webrick/server.rb:295:in `block in start_thread'


  Rendered /home/sarath/.rvm/gems/ruby-2.0.0-p643@myapp/gems/actionpack-4.2.4/lib/action_dispatch/middleware/templates/rescues/_trace.text.erb (0.5ms)
  Rendered /home/sarath/.rvm/gems/ruby-2.0.0-p643@myapp/gems/actionpack-4.2.4/lib/action_dispatch/middleware/templates/rescues/routing_error.text.erb (3.6ms)
  Rendered /home/sarath/.rvm/gems/ruby-2.0.0-p643@myapp/gems/web-console-2.2.1/lib/web_console/templates/_markup.html.erb (0.3ms)
  Rendered /home/sarath/.rvm/gems/ruby-2.0.0-p643@myapp/gems/web-console-2.2.1/lib/web_console/templates/_inner_console_markup.html.erb within layouts/inlined_string (0.3ms)
  Rendered /home/sarath/.rvm/gems/ruby-2.0.0-p643@myapp/gems/web-console-2.2.1/lib/web_console/templates/_prompt_box_markup.html.erb within layouts/inlined_string (0.2ms)
  Rendered /home/sarath/.rvm/gems/ruby-2.0.0-p643@myapp/gems/web-console-2.2.1/lib/web_console/templates/style.css.erb within layouts/inlined_string (0.2ms)
  Rendered /home/sarath/.rvm/gems/ruby-2.0.0-p643@myapp/gems/web-console-2.2.1/lib/web_console/templates/console.js.erb within layouts/javascript (11.4ms)
  Rendered /home/sarath/.rvm/gems/ruby-2.0.0-p643@myapp/gems/web-console-2.2.1/lib/web_console/templates/main.js.erb within layouts/javascript (0.2ms)
  Rendered /home/sarath/.rvm/gems/ruby-2.0.0-p643@myapp/gems/web-console-2.2.1/lib/web_console/templates/error_page.js.erb within layouts/javascript (0.4ms)
  Rendered /home/sarath/.rvm/gems/ruby-2.0.0-p643@myapp/gems/web-console-2.2.1/lib/web_console/templates/index.html.erb (23.8ms)


Started GET "/" for 127.0.0.1 at 2015-10-06 00:27:14 -0500
Processing by StocksController#index as HTML
  Rendered stocks/index.html.erb within layouts/application (1.1ms)
Completed 200 OK in 310ms (Views: 302.9ms | ActiveRecord: 0.0ms)


Started GET "/assets/table.self-e3b0c44298fc1c149afbf4c8996fb92427ae41e4649b934ca495991b7852b855.css?body=1" for 127.0.0.1 at 2015-10-06 00:27:14 -0500


Started GET "/assets/stocks.self-e3b0c44298fc1c149afbf4c8996fb92427ae41e4649b934ca495991b7852b855.css?body=1" for 127.0.0.1 at 2015-10-06 00:27:14 -0500


Started GET "/assets/jquery.self-a714331225dda820228db323939889f149aec0127aeb06255646b616ba1ca419.js?body=1" for 127.0.0.1 at 2015-10-06 00:27:14 -0500


Started GET "/assets/stocks.self-877aef30ae1b040ab8a3aba4e3e309a11d7f2612f44dde450b5c157aa5f95c05.js?body=1" for 127.0.0.1 at 2015-10-06 00:27:14 -0500


Started GET "/assets/application.self-e80e8f2318043e8af94dddc2adad5a4f09739a8ebb323b3ab31cd71d45fd9113.css?body=1" for 127.0.0.1 at 2015-10-06 00:27:14 -0500


Started GET "/assets/jquery_ujs.self-d456baa54c1fa6be2ec3711f0a72ddf7a5b2f34a6b4f515f33767d6207b7d4b3.js?body=1" for 127.0.0.1 at 2015-10-06 00:27:14 -0500


Started GET "/assets/turbolinks.self-c37727e9bd6b2735da5c311aa83fead54ed0be6cc8bd9a65309e9c5abe2cbfff.js?body=1" for 127.0.0.1 at 2015-10-06 00:27:14 -0500


Started GET "/assets/table.self-877aef30ae1b040ab8a3aba4e3e309a11d7f2612f44dde450b5c157aa5f95c05.js?body=1" for 127.0.0.1 at 2015-10-06 00:27:14 -0500


Started GET "/assets/application.self-3b8dabdc891efe46b9a144b400ad69e37d7e5876bdc39dee783419a69d7ca819.js?body=1" for 127.0.0.1 at 2015-10-06 00:27:14 -0500


Started GET "/" for 127.0.0.1 at 2015-10-06 00:27:16 -0500
Processing by StocksController#index as HTML
  Rendered stocks/index.html.erb within layouts/application (0.1ms)
Completed 200 OK in 77ms (Views: 76.0ms | ActiveRecord: 0.0ms)


Started GET "/assets/stocks.self-e3b0c44298fc1c149afbf4c8996fb92427ae41e4649b934ca495991b7852b855.css?body=1" for 127.0.0.1 at 2015-10-06 00:27:16 -0500


Started GET "/assets/turbolinks.self-c37727e9bd6b2735da5c311aa83fead54ed0be6cc8bd9a65309e9c5abe2cbfff.js?body=1" for 127.0.0.1 at 2015-10-06 00:27:17 -0500


Started GET "/assets/jquery.self-a714331225dda820228db323939889f149aec0127aeb06255646b616ba1ca419.js?body=1" for 127.0.0.1 at 2015-10-06 00:27:17 -0500


Started GET "/assets/application.self-e80e8f2318043e8af94dddc2adad5a4f09739a8ebb323b3ab31cd71d45fd9113.css?body=1" for 127.0.0.1 at 2015-10-06 00:27:17 -0500


Started GET "/assets/stocks.self-877aef30ae1b040ab8a3aba4e3e309a11d7f2612f44dde450b5c157aa5f95c05.js?body=1" for 127.0.0.1 at 2015-10-06 00:27:17 -0500


Started GET "/assets/table.self-e3b0c44298fc1c149afbf4c8996fb92427ae41e4649b934ca495991b7852b855.css?body=1" for 127.0.0.1 at 2015-10-06 00:27:17 -0500


Started GET "/assets/jquery_ujs.self-d456baa54c1fa6be2ec3711f0a72ddf7a5b2f34a6b4f515f33767d6207b7d4b3.js?body=1" for 127.0.0.1 at 2015-10-06 00:27:17 -0500


Started GET "/assets/table.self-877aef30ae1b040ab8a3aba4e3e309a11d7f2612f44dde450b5c157aa5f95c05.js?body=1" for 127.0.0.1 at 2015-10-06 00:27:17 -0500


Started GET "/assets/application.self-3b8dabdc891efe46b9a144b400ad69e37d7e5876bdc39dee783419a69d7ca819.js?body=1" for 127.0.0.1 at 2015-10-06 00:27:17 -0500


Started GET "/table/myown" for 127.0.0.1 at 2015-10-06 00:27:21 -0500

ActionController::RoutingError (No route matches [GET] "/table/myown"):
  actionpack (4.2.4) lib/action_dispatch/middleware/debug_exceptions.rb:21:in `call'
  web-console (2.2.1) lib/web_console/middleware.rb:39:in `call'
  actionpack (4.2.4) lib/action_dispatch/middleware/show_exceptions.rb:30:in `call'
  railties (4.2.4) lib/rails/rack/logger.rb:38:in `call_app'
  railties (4.2.4) lib/rails/rack/logger.rb:20:in `block in call'
  activesupport (4.2.4) lib/active_support/tagged_logging.rb:68:in `block in tagged'
  activesupport (4.2.4) lib/active_support/tagged_logging.rb:26:in `tagged'
  activesupport (4.2.4) lib/active_support/tagged_logging.rb:68:in `tagged'
  railties (4.2.4) lib/rails/rack/logger.rb:20:in `call'
  actionpack (4.2.4) lib/action_dispatch/middleware/request_id.rb:21:in `call'
  rack (1.6.4) lib/rack/methodoverride.rb:22:in `call'
  rack (1.6.4) lib/rack/runtime.rb:18:in `call'
  activesupport (4.2.4) lib/active_support/cache/strategy/local_cache_middleware.rb:28:in `call'
  rack (1.6.4) lib/rack/lock.rb:17:in `call'
  actionpack (4.2.4) lib/action_dispatch/middleware/static.rb:116:in `call'
  rack (1.6.4) lib/rack/sendfile.rb:113:in `call'
  railties (4.2.4) lib/rails/engine.rb:518:in `call'
  railties (4.2.4) lib/rails/application.rb:165:in `call'
  rack (1.6.4) lib/rack/lock.rb:17:in `call'
  rack (1.6.4) lib/rack/content_length.rb:15:in `call'
  rack (1.6.4) lib/rack/handler/webrick.rb:88:in `service'
  /home/sarath/.rvm/rubies/ruby-2.0.0-p643/lib/ruby/2.0.0/webrick/httpserver.rb:138:in `service'
  /home/sarath/.rvm/rubies/ruby-2.0.0-p643/lib/ruby/2.0.0/webrick/httpserver.rb:94:in `run'
  /home/sarath/.rvm/rubies/ruby-2.0.0-p643/lib/ruby/2.0.0/webrick/server.rb:295:in `block in start_thread'


  Rendered /home/sarath/.rvm/gems/ruby-2.0.0-p643@myapp/gems/actionpack-4.2.4/lib/action_dispatch/middleware/templates/rescues/_trace.text.erb (0.4ms)
  Rendered /home/sarath/.rvm/gems/ruby-2.0.0-p643@myapp/gems/actionpack-4.2.4/lib/action_dispatch/middleware/templates/rescues/routing_error.text.erb (3.5ms)
  Rendered /home/sarath/.rvm/gems/ruby-2.0.0-p643@myapp/gems/web-console-2.2.1/lib/web_console/templates/_markup.html.erb (0.3ms)
  Rendered /home/sarath/.rvm/gems/ruby-2.0.0-p643@myapp/gems/web-console-2.2.1/lib/web_console/templates/_inner_console_markup.html.erb within layouts/inlined_string (0.3ms)
  Rendered /home/sarath/.rvm/gems/ruby-2.0.0-p643@myapp/gems/web-console-2.2.1/lib/web_console/templates/_prompt_box_markup.html.erb within layouts/inlined_string (0.2ms)
  Rendered /home/sarath/.rvm/gems/ruby-2.0.0-p643@myapp/gems/web-console-2.2.1/lib/web_console/templates/style.css.erb within layouts/inlined_string (0.3ms)
  Rendered /home/sarath/.rvm/gems/ruby-2.0.0-p643@myapp/gems/web-console-2.2.1/lib/web_console/templates/console.js.erb within layouts/javascript (11.0ms)
  Rendered /home/sarath/.rvm/gems/ruby-2.0.0-p643@myapp/gems/web-console-2.2.1/lib/web_console/templates/main.js.erb within layouts/javascript (0.6ms)
  Rendered /home/sarath/.rvm/gems/ruby-2.0.0-p643@myapp/gems/web-console-2.2.1/lib/web_console/templates/error_page.js.erb within layouts/javascript (0.3ms)
  Rendered /home/sarath/.rvm/gems/ruby-2.0.0-p643@myapp/gems/web-console-2.2.1/lib/web_console/templates/index.html.erb (26.1ms)


Started GET "/table/myown" for 127.0.0.1 at 2015-10-06 00:27:27 -0500

ActionController::RoutingError (No route matches [GET] "/table/myown"):
  actionpack (4.2.4) lib/action_dispatch/middleware/debug_exceptions.rb:21:in `call'
  web-console (2.2.1) lib/web_console/middleware.rb:39:in `call'
  actionpack (4.2.4) lib/action_dispatch/middleware/show_exceptions.rb:30:in `call'
  railties (4.2.4) lib/rails/rack/logger.rb:38:in `call_app'
  railties (4.2.4) lib/rails/rack/logger.rb:20:in `block in call'
  activesupport (4.2.4) lib/active_support/tagged_logging.rb:68:in `block in tagged'
  activesupport (4.2.4) lib/active_support/tagged_logging.rb:26:in `tagged'
  activesupport (4.2.4) lib/active_support/tagged_logging.rb:68:in `tagged'
  railties (4.2.4) lib/rails/rack/logger.rb:20:in `call'
  actionpack (4.2.4) lib/action_dispatch/middleware/request_id.rb:21:in `call'
  rack (1.6.4) lib/rack/methodoverride.rb:22:in `call'
  rack (1.6.4) lib/rack/runtime.rb:18:in `call'
  activesupport (4.2.4) lib/active_support/cache/strategy/local_cache_middleware.rb:28:in `call'
  rack (1.6.4) lib/rack/lock.rb:17:in `call'
  actionpack (4.2.4) lib/action_dispatch/middleware/static.rb:116:in `call'
  rack (1.6.4) lib/rack/sendfile.rb:113:in `call'
  railties (4.2.4) lib/rails/engine.rb:518:in `call'
  railties (4.2.4) lib/rails/application.rb:165:in `call'
  rack (1.6.4) lib/rack/lock.rb:17:in `call'
  rack (1.6.4) lib/rack/content_length.rb:15:in `call'
  rack (1.6.4) lib/rack/handler/webrick.rb:88:in `service'
  /home/sarath/.rvm/rubies/ruby-2.0.0-p643/lib/ruby/2.0.0/webrick/httpserver.rb:138:in `service'
  /home/sarath/.rvm/rubies/ruby-2.0.0-p643/lib/ruby/2.0.0/webrick/httpserver.rb:94:in `run'
  /home/sarath/.rvm/rubies/ruby-2.0.0-p643/lib/ruby/2.0.0/webrick/server.rb:295:in `block in start_thread'


  Rendered /home/sarath/.rvm/gems/ruby-2.0.0-p643@myapp/gems/actionpack-4.2.4/lib/action_dispatch/middleware/templates/rescues/_trace.text.erb (0.5ms)
  Rendered /home/sarath/.rvm/gems/ruby-2.0.0-p643@myapp/gems/actionpack-4.2.4/lib/action_dispatch/middleware/templates/rescues/routing_error.text.erb (3.8ms)
  Rendered /home/sarath/.rvm/gems/ruby-2.0.0-p643@myapp/gems/web-console-2.2.1/lib/web_console/templates/_markup.html.erb (0.3ms)
  Rendered /home/sarath/.rvm/gems/ruby-2.0.0-p643@myapp/gems/web-console-2.2.1/lib/web_console/templates/_inner_console_markup.html.erb within layouts/inlined_string (0.3ms)
  Rendered /home/sarath/.rvm/gems/ruby-2.0.0-p643@myapp/gems/web-console-2.2.1/lib/web_console/templates/_prompt_box_markup.html.erb within layouts/inlined_string (0.3ms)
  Rendered /home/sarath/.rvm/gems/ruby-2.0.0-p643@myapp/gems/web-console-2.2.1/lib/web_console/templates/style.css.erb within layouts/inlined_string (0.3ms)
  Rendered /home/sarath/.rvm/gems/ruby-2.0.0-p643@myapp/gems/web-console-2.2.1/lib/web_console/templates/console.js.erb within layouts/javascript (12.2ms)
  Rendered /home/sarath/.rvm/gems/ruby-2.0.0-p643@myapp/gems/web-console-2.2.1/lib/web_console/templates/main.js.erb within layouts/javascript (0.2ms)
  Rendered /home/sarath/.rvm/gems/ruby-2.0.0-p643@myapp/gems/web-console-2.2.1/lib/web_console/templates/error_page.js.erb within layouts/javascript (0.3ms)
  Rendered /home/sarath/.rvm/gems/ruby-2.0.0-p643@myapp/gems/web-console-2.2.1/lib/web_console/templates/index.html.erb (23.9ms)


Started GET "/" for 127.0.0.1 at 2015-10-06 00:30:09 -0500
Processing by StocksController#index as HTML
  Rendered stocks/index.html.erb within layouts/application (0.8ms)
Completed 200 OK in 316ms (Views: 308.8ms | ActiveRecord: 0.0ms)


Started GET "/assets/stocks.self-e3b0c44298fc1c149afbf4c8996fb92427ae41e4649b934ca495991b7852b855.css?body=1" for 127.0.0.1 at 2015-10-06 00:30:09 -0500


Started GET "/assets/table.self-e3b0c44298fc1c149afbf4c8996fb92427ae41e4649b934ca495991b7852b855.css?body=1" for 127.0.0.1 at 2015-10-06 00:30:09 -0500


Started GET "/assets/jquery_ujs.self-d456baa54c1fa6be2ec3711f0a72ddf7a5b2f34a6b4f515f33767d6207b7d4b3.js?body=1" for 127.0.0.1 at 2015-10-06 00:30:09 -0500


Started GET "/assets/stocks.self-877aef30ae1b040ab8a3aba4e3e309a11d7f2612f44dde450b5c157aa5f95c05.js?body=1" for 127.0.0.1 at 2015-10-06 00:30:09 -0500


Started GET "/assets/jquery.self-a714331225dda820228db323939889f149aec0127aeb06255646b616ba1ca419.js?body=1" for 127.0.0.1 at 2015-10-06 00:30:09 -0500


Started GET "/assets/turbolinks.self-c37727e9bd6b2735da5c311aa83fead54ed0be6cc8bd9a65309e9c5abe2cbfff.js?body=1" for 127.0.0.1 at 2015-10-06 00:30:09 -0500


Started GET "/assets/application.self-e80e8f2318043e8af94dddc2adad5a4f09739a8ebb323b3ab31cd71d45fd9113.css?body=1" for 127.0.0.1 at 2015-10-06 00:30:09 -0500


Started GET "/assets/table.self-877aef30ae1b040ab8a3aba4e3e309a11d7f2612f44dde450b5c157aa5f95c05.js?body=1" for 127.0.0.1 at 2015-10-06 00:30:09 -0500


Started GET "/assets/application.self-3b8dabdc891efe46b9a144b400ad69e37d7e5876bdc39dee783419a69d7ca819.js?body=1" for 127.0.0.1 at 2015-10-06 00:30:09 -0500


Started GET "/table/myown" for 127.0.0.1 at 2015-10-06 00:30:13 -0500

ActionController::RoutingError (No route matches [GET] "/table/myown"):
  actionpack (4.2.4) lib/action_dispatch/middleware/debug_exceptions.rb:21:in `call'
  web-console (2.2.1) lib/web_console/middleware.rb:39:in `call'
  actionpack (4.2.4) lib/action_dispatch/middleware/show_exceptions.rb:30:in `call'
  railties (4.2.4) lib/rails/rack/logger.rb:38:in `call_app'
  railties (4.2.4) lib/rails/rack/logger.rb:20:in `block in call'
  activesupport (4.2.4) lib/active_support/tagged_logging.rb:68:in `block in tagged'
  activesupport (4.2.4) lib/active_support/tagged_logging.rb:26:in `tagged'
  activesupport (4.2.4) lib/active_support/tagged_logging.rb:68:in `tagged'
  railties (4.2.4) lib/rails/rack/logger.rb:20:in `call'
  actionpack (4.2.4) lib/action_dispatch/middleware/request_id.rb:21:in `call'
  rack (1.6.4) lib/rack/methodoverride.rb:22:in `call'
  rack (1.6.4) lib/rack/runtime.rb:18:in `call'
  activesupport (4.2.4) lib/active_support/cache/strategy/local_cache_middleware.rb:28:in `call'
  rack (1.6.4) lib/rack/lock.rb:17:in `call'
  actionpack (4.2.4) lib/action_dispatch/middleware/static.rb:116:in `call'
  rack (1.6.4) lib/rack/sendfile.rb:113:in `call'
  railties (4.2.4) lib/rails/engine.rb:518:in `call'
  railties (4.2.4) lib/rails/application.rb:165:in `call'
  rack (1.6.4) lib/rack/lock.rb:17:in `call'
  rack (1.6.4) lib/rack/content_length.rb:15:in `call'
  rack (1.6.4) lib/rack/handler/webrick.rb:88:in `service'
  /home/sarath/.rvm/rubies/ruby-2.0.0-p643/lib/ruby/2.0.0/webrick/httpserver.rb:138:in `service'
  /home/sarath/.rvm/rubies/ruby-2.0.0-p643/lib/ruby/2.0.0/webrick/httpserver.rb:94:in `run'
  /home/sarath/.rvm/rubies/ruby-2.0.0-p643/lib/ruby/2.0.0/webrick/server.rb:295:in `block in start_thread'


  Rendered /home/sarath/.rvm/gems/ruby-2.0.0-p643@myapp/gems/actionpack-4.2.4/lib/action_dispatch/middleware/templates/rescues/_trace.text.erb (0.6ms)
  Rendered /home/sarath/.rvm/gems/ruby-2.0.0-p643@myapp/gems/actionpack-4.2.4/lib/action_dispatch/middleware/templates/rescues/routing_error.text.erb (3.9ms)
  Rendered /home/sarath/.rvm/gems/ruby-2.0.0-p643@myapp/gems/web-console-2.2.1/lib/web_console/templates/_markup.html.erb (0.3ms)
  Rendered /home/sarath/.rvm/gems/ruby-2.0.0-p643@myapp/gems/web-console-2.2.1/lib/web_console/templates/_inner_console_markup.html.erb within layouts/inlined_string (0.3ms)
  Rendered /home/sarath/.rvm/gems/ruby-2.0.0-p643@myapp/gems/web-console-2.2.1/lib/web_console/templates/_prompt_box_markup.html.erb within layouts/inlined_string (0.3ms)
  Rendered /home/sarath/.rvm/gems/ruby-2.0.0-p643@myapp/gems/web-console-2.2.1/lib/web_console/templates/style.css.erb within layouts/inlined_string (0.3ms)
  Rendered /home/sarath/.rvm/gems/ruby-2.0.0-p643@myapp/gems/web-console-2.2.1/lib/web_console/templates/console.js.erb within layouts/javascript (12.5ms)
  Rendered /home/sarath/.rvm/gems/ruby-2.0.0-p643@myapp/gems/web-console-2.2.1/lib/web_console/templates/main.js.erb within layouts/javascript (0.2ms)
  Rendered /home/sarath/.rvm/gems/ruby-2.0.0-p643@myapp/gems/web-console-2.2.1/lib/web_console/templates/error_page.js.erb within layouts/javascript (0.3ms)
  Rendered /home/sarath/.rvm/gems/ruby-2.0.0-p643@myapp/gems/web-console-2.2.1/lib/web_console/templates/index.html.erb (26.2ms)


Started GET "/table/myown" for 127.0.0.1 at 2015-10-06 00:30:18 -0500

ActionController::RoutingError (No route matches [GET] "/table/myown"):
  actionpack (4.2.4) lib/action_dispatch/middleware/debug_exceptions.rb:21:in `call'
  web-console (2.2.1) lib/web_console/middleware.rb:39:in `call'
  actionpack (4.2.4) lib/action_dispatch/middleware/show_exceptions.rb:30:in `call'
  railties (4.2.4) lib/rails/rack/logger.rb:38:in `call_app'
  railties (4.2.4) lib/rails/rack/logger.rb:20:in `block in call'
  activesupport (4.2.4) lib/active_support/tagged_logging.rb:68:in `block in tagged'
  activesupport (4.2.4) lib/active_support/tagged_logging.rb:26:in `tagged'
  activesupport (4.2.4) lib/active_support/tagged_logging.rb:68:in `tagged'
  railties (4.2.4) lib/rails/rack/logger.rb:20:in `call'
  actionpack (4.2.4) lib/action_dispatch/middleware/request_id.rb:21:in `call'
  rack (1.6.4) lib/rack/methodoverride.rb:22:in `call'
  rack (1.6.4) lib/rack/runtime.rb:18:in `call'
  activesupport (4.2.4) lib/active_support/cache/strategy/local_cache_middleware.rb:28:in `call'
  rack (1.6.4) lib/rack/lock.rb:17:in `call'
  actionpack (4.2.4) lib/action_dispatch/middleware/static.rb:116:in `call'
  rack (1.6.4) lib/rack/sendfile.rb:113:in `call'
  railties (4.2.4) lib/rails/engine.rb:518:in `call'
  railties (4.2.4) lib/rails/application.rb:165:in `call'
  rack (1.6.4) lib/rack/lock.rb:17:in `call'
  rack (1.6.4) lib/rack/content_length.rb:15:in `call'
  rack (1.6.4) lib/rack/handler/webrick.rb:88:in `service'
  /home/sarath/.rvm/rubies/ruby-2.0.0-p643/lib/ruby/2.0.0/webrick/httpserver.rb:138:in `service'
  /home/sarath/.rvm/rubies/ruby-2.0.0-p643/lib/ruby/2.0.0/webrick/httpserver.rb:94:in `run'
  /home/sarath/.rvm/rubies/ruby-2.0.0-p643/lib/ruby/2.0.0/webrick/server.rb:295:in `block in start_thread'


  Rendered /home/sarath/.rvm/gems/ruby-2.0.0-p643@myapp/gems/actionpack-4.2.4/lib/action_dispatch/middleware/templates/rescues/_trace.text.erb (0.4ms)
  Rendered /home/sarath/.rvm/gems/ruby-2.0.0-p643@myapp/gems/actionpack-4.2.4/lib/action_dispatch/middleware/templates/rescues/routing_error.text.erb (3.5ms)
  Rendered /home/sarath/.rvm/gems/ruby-2.0.0-p643@myapp/gems/web-console-2.2.1/lib/web_console/templates/_markup.html.erb (0.4ms)
  Rendered /home/sarath/.rvm/gems/ruby-2.0.0-p643@myapp/gems/web-console-2.2.1/lib/web_console/templates/_inner_console_markup.html.erb within layouts/inlined_string (0.5ms)
  Rendered /home/sarath/.rvm/gems/ruby-2.0.0-p643@myapp/gems/web-console-2.2.1/lib/web_console/templates/_prompt_box_markup.html.erb within layouts/inlined_string (0.4ms)
  Rendered /home/sarath/.rvm/gems/ruby-2.0.0-p643@myapp/gems/web-console-2.2.1/lib/web_console/templates/style.css.erb within layouts/inlined_string (0.4ms)
  Rendered /home/sarath/.rvm/gems/ruby-2.0.0-p643@myapp/gems/web-console-2.2.1/lib/web_console/templates/console.js.erb within layouts/javascript (15.6ms)
  Rendered /home/sarath/.rvm/gems/ruby-2.0.0-p643@myapp/gems/web-console-2.2.1/lib/web_console/templates/main.js.erb within layouts/javascript (0.3ms)
  Rendered /home/sarath/.rvm/gems/ruby-2.0.0-p643@myapp/gems/web-console-2.2.1/lib/web_console/templates/error_page.js.erb within layouts/javascript (0.3ms)
  Rendered /home/sarath/.rvm/gems/ruby-2.0.0-p643@myapp/gems/web-console-2.2.1/lib/web_console/templates/index.html.erb (28.8ms)


Started GET "/" for 127.0.0.1 at 2015-10-06 00:36:31 -0500
Processing by StocksController#index as HTML
  Rendered stocks/index.html.erb within layouts/application (1.1ms)
Completed 200 OK in 334ms (Views: 294.5ms | ActiveRecord: 0.0ms)


Started GET "/assets/stocks.self-e3b0c44298fc1c149afbf4c8996fb92427ae41e4649b934ca495991b7852b855.css?body=1" for 127.0.0.1 at 2015-10-06 00:36:32 -0500


Started GET "/assets/table.self-e3b0c44298fc1c149afbf4c8996fb92427ae41e4649b934ca495991b7852b855.css?body=1" for 127.0.0.1 at 2015-10-06 00:36:32 -0500


Started GET "/assets/application.self-e80e8f2318043e8af94dddc2adad5a4f09739a8ebb323b3ab31cd71d45fd9113.css?body=1" for 127.0.0.1 at 2015-10-06 00:36:32 -0500


Started GET "/assets/jquery.self-a714331225dda820228db323939889f149aec0127aeb06255646b616ba1ca419.js?body=1" for 127.0.0.1 at 2015-10-06 00:36:32 -0500


Started GET "/assets/turbolinks.self-c37727e9bd6b2735da5c311aa83fead54ed0be6cc8bd9a65309e9c5abe2cbfff.js?body=1" for 127.0.0.1 at 2015-10-06 00:36:32 -0500


Started GET "/assets/jquery_ujs.self-d456baa54c1fa6be2ec3711f0a72ddf7a5b2f34a6b4f515f33767d6207b7d4b3.js?body=1" for 127.0.0.1 at 2015-10-06 00:36:32 -0500


Started GET "/assets/stocks.self-877aef30ae1b040ab8a3aba4e3e309a11d7f2612f44dde450b5c157aa5f95c05.js?body=1" for 127.0.0.1 at 2015-10-06 00:36:32 -0500


Started GET "/assets/table.self-877aef30ae1b040ab8a3aba4e3e309a11d7f2612f44dde450b5c157aa5f95c05.js?body=1" for 127.0.0.1 at 2015-10-06 00:36:32 -0500


Started GET "/assets/application.self-3b8dabdc891efe46b9a144b400ad69e37d7e5876bdc39dee783419a69d7ca819.js?body=1" for 127.0.0.1 at 2015-10-06 00:36:32 -0500


Started GET "/" for 127.0.0.1 at 2015-10-06 00:36:33 -0500
Processing by StocksController#index as HTML
  Rendered stocks/index.html.erb within layouts/application (0.1ms)
Completed 200 OK in 79ms (Views: 78.6ms | ActiveRecord: 0.0ms)


Started GET "/assets/stocks.self-e3b0c44298fc1c149afbf4c8996fb92427ae41e4649b934ca495991b7852b855.css?body=1" for 127.0.0.1 at 2015-10-06 00:36:33 -0500


Started GET "/assets/table.self-e3b0c44298fc1c149afbf4c8996fb92427ae41e4649b934ca495991b7852b855.css?body=1" for 127.0.0.1 at 2015-10-06 00:36:33 -0500


Started GET "/assets/application.self-e80e8f2318043e8af94dddc2adad5a4f09739a8ebb323b3ab31cd71d45fd9113.css?body=1" for 127.0.0.1 at 2015-10-06 00:36:33 -0500


Started GET "/assets/turbolinks.self-c37727e9bd6b2735da5c311aa83fead54ed0be6cc8bd9a65309e9c5abe2cbfff.js?body=1" for 127.0.0.1 at 2015-10-06 00:36:33 -0500


Started GET "/assets/jquery_ujs.self-d456baa54c1fa6be2ec3711f0a72ddf7a5b2f34a6b4f515f33767d6207b7d4b3.js?body=1" for 127.0.0.1 at 2015-10-06 00:36:33 -0500


Started GET "/assets/stocks.self-877aef30ae1b040ab8a3aba4e3e309a11d7f2612f44dde450b5c157aa5f95c05.js?body=1" for 127.0.0.1 at 2015-10-06 00:36:33 -0500


Started GET "/assets/jquery.self-a714331225dda820228db323939889f149aec0127aeb06255646b616ba1ca419.js?body=1" for 127.0.0.1 at 2015-10-06 00:36:33 -0500


Started GET "/assets/table.self-877aef30ae1b040ab8a3aba4e3e309a11d7f2612f44dde450b5c157aa5f95c05.js?body=1" for 127.0.0.1 at 2015-10-06 00:36:33 -0500


Started GET "/assets/application.self-3b8dabdc891efe46b9a144b400ad69e37d7e5876bdc39dee783419a69d7ca819.js?body=1" for 127.0.0.1 at 2015-10-06 00:36:33 -0500


Started GET "/stocks/index" for 127.0.0.1 at 2015-10-06 00:36:37 -0500
Processing by StocksController#index as */*
  Rendered stocks/index.html.erb within layouts/application (0.4ms)
Completed 200 OK in 29ms (Views: 28.8ms | ActiveRecord: 0.0ms)


Started GET "/" for 127.0.0.1 at 2015-10-06 00:39:23 -0500
Processing by StocksController#index as HTML
  Rendered stocks/index.html.erb within layouts/application (0.8ms)
Completed 200 OK in 313ms (Views: 274.9ms | ActiveRecord: 0.0ms)


Started GET "/assets/stocks.self-e3b0c44298fc1c149afbf4c8996fb92427ae41e4649b934ca495991b7852b855.css?body=1" for 127.0.0.1 at 2015-10-06 00:39:23 -0500


Started GET "/assets/table.self-e3b0c44298fc1c149afbf4c8996fb92427ae41e4649b934ca495991b7852b855.css?body=1" for 127.0.0.1 at 2015-10-06 00:39:23 -0500


Started GET "/assets/application.self-e80e8f2318043e8af94dddc2adad5a4f09739a8ebb323b3ab31cd71d45fd9113.css?body=1" for 127.0.0.1 at 2015-10-06 00:39:24 -0500


Started GET "/assets/jquery_ujs.self-d456baa54c1fa6be2ec3711f0a72ddf7a5b2f34a6b4f515f33767d6207b7d4b3.js?body=1" for 127.0.0.1 at 2015-10-06 00:39:24 -0500


Started GET "/assets/turbolinks.self-c37727e9bd6b2735da5c311aa83fead54ed0be6cc8bd9a65309e9c5abe2cbfff.js?body=1" for 127.0.0.1 at 2015-10-06 00:39:24 -0500


Started GET "/assets/jquery.self-a714331225dda820228db323939889f149aec0127aeb06255646b616ba1ca419.js?body=1" for 127.0.0.1 at 2015-10-06 00:39:24 -0500


Started GET "/assets/stocks.self-877aef30ae1b040ab8a3aba4e3e309a11d7f2612f44dde450b5c157aa5f95c05.js?body=1" for 127.0.0.1 at 2015-10-06 00:39:24 -0500


Started GET "/assets/table.self-877aef30ae1b040ab8a3aba4e3e309a11d7f2612f44dde450b5c157aa5f95c05.js?body=1" for 127.0.0.1 at 2015-10-06 00:39:24 -0500


Started GET "/assets/application.self-3b8dabdc891efe46b9a144b400ad69e37d7e5876bdc39dee783419a69d7ca819.js?body=1" for 127.0.0.1 at 2015-10-06 00:39:24 -0500


Started GET "/stocks/index" for 127.0.0.1 at 2015-10-06 00:39:26 -0500
Processing by StocksController#index as */*
  Rendered stocks/index.html.erb within layouts/application (0.3ms)
Completed 200 OK in 76ms (Views: 75.2ms | ActiveRecord: 0.0ms)


Started GET "/" for 127.0.0.1 at 2015-10-06 00:39:56 -0500
Processing by StocksController#index as HTML
  Rendered stocks/index.html.erb within layouts/application (1.0ms)
Completed 200 OK in 314ms (Views: 275.0ms | ActiveRecord: 0.0ms)


Started GET "/assets/stocks.self-e3b0c44298fc1c149afbf4c8996fb92427ae41e4649b934ca495991b7852b855.css?body=1" for 127.0.0.1 at 2015-10-06 00:39:56 -0500


Started GET "/assets/table.self-e3b0c44298fc1c149afbf4c8996fb92427ae41e4649b934ca495991b7852b855.css?body=1" for 127.0.0.1 at 2015-10-06 00:39:56 -0500


Started GET "/assets/application.self-e80e8f2318043e8af94dddc2adad5a4f09739a8ebb323b3ab31cd71d45fd9113.css?body=1" for 127.0.0.1 at 2015-10-06 00:39:56 -0500


Started GET "/assets/stocks.self-877aef30ae1b040ab8a3aba4e3e309a11d7f2612f44dde450b5c157aa5f95c05.js?body=1" for 127.0.0.1 at 2015-10-06 00:39:56 -0500


Started GET "/assets/table.self-877aef30ae1b040ab8a3aba4e3e309a11d7f2612f44dde450b5c157aa5f95c05.js?body=1" for 127.0.0.1 at 2015-10-06 00:39:56 -0500


Started GET "/assets/jquery.self-a714331225dda820228db323939889f149aec0127aeb06255646b616ba1ca419.js?body=1" for 127.0.0.1 at 2015-10-06 00:39:56 -0500


Started GET "/assets/jquery_ujs.self-d456baa54c1fa6be2ec3711f0a72ddf7a5b2f34a6b4f515f33767d6207b7d4b3.js?body=1" for 127.0.0.1 at 2015-10-06 00:39:56 -0500


Started GET "/assets/application.self-3b8dabdc891efe46b9a144b400ad69e37d7e5876bdc39dee783419a69d7ca819.js?body=1" for 127.0.0.1 at 2015-10-06 00:39:56 -0500


Started GET "/assets/turbolinks.self-c37727e9bd6b2735da5c311aa83fead54ed0be6cc8bd9a65309e9c5abe2cbfff.js?body=1" for 127.0.0.1 at 2015-10-06 00:39:56 -0500


Started GET "/stocks/index" for 127.0.0.1 at 2015-10-06 00:39:58 -0500
Processing by StocksController#index as */*
  Rendered stocks/index.html.erb within layouts/application (0.4ms)
Completed 200 OK in 78ms (Views: 77.6ms | ActiveRecord: 0.0ms)


Started GET "/" for 127.0.0.1 at 2015-10-06 00:41:41 -0500
Processing by StocksController#index as HTML
  Rendered stocks/index.html.erb within layouts/application (0.8ms)
Completed 200 OK in 306ms (Views: 268.2ms | ActiveRecord: 0.0ms)


Started GET "/assets/stocks.self-e3b0c44298fc1c149afbf4c8996fb92427ae41e4649b934ca495991b7852b855.css?body=1" for 127.0.0.1 at 2015-10-06 00:41:41 -0500


Started GET "/assets/application.self-e80e8f2318043e8af94dddc2adad5a4f09739a8ebb323b3ab31cd71d45fd9113.css?body=1" for 127.0.0.1 at 2015-10-06 00:41:41 -0500


Started GET "/assets/table.self-e3b0c44298fc1c149afbf4c8996fb92427ae41e4649b934ca495991b7852b855.css?body=1" for 127.0.0.1 at 2015-10-06 00:41:41 -0500


Started GET "/assets/stocks.self-877aef30ae1b040ab8a3aba4e3e309a11d7f2612f44dde450b5c157aa5f95c05.js?body=1" for 127.0.0.1 at 2015-10-06 00:41:41 -0500


Started GET "/assets/table.self-877aef30ae1b040ab8a3aba4e3e309a11d7f2612f44dde450b5c157aa5f95c05.js?body=1" for 127.0.0.1 at 2015-10-06 00:41:41 -0500


Started GET "/assets/jquery.self-a714331225dda820228db323939889f149aec0127aeb06255646b616ba1ca419.js?body=1" for 127.0.0.1 at 2015-10-06 00:41:41 -0500


Started GET "/assets/turbolinks.self-c37727e9bd6b2735da5c311aa83fead54ed0be6cc8bd9a65309e9c5abe2cbfff.js?body=1" for 127.0.0.1 at 2015-10-06 00:41:41 -0500


Started GET "/assets/jquery_ujs.self-d456baa54c1fa6be2ec3711f0a72ddf7a5b2f34a6b4f515f33767d6207b7d4b3.js?body=1" for 127.0.0.1 at 2015-10-06 00:41:41 -0500


Started GET "/assets/application.self-3b8dabdc891efe46b9a144b400ad69e37d7e5876bdc39dee783419a69d7ca819.js?body=1" for 127.0.0.1 at 2015-10-06 00:41:41 -0500


Started GET "/stocks/index" for 127.0.0.1 at 2015-10-06 00:41:43 -0500
Processing by StocksController#index as */*
  Rendered stocks/index.html.erb within layouts/application (0.4ms)
Completed 200 OK in 74ms (Views: 73.5ms | ActiveRecord: 0.0ms)


Started GET "/" for 127.0.0.1 at 2015-10-06 00:43:26 -0500
Processing by StocksController#index as HTML
Completed 200 OK in 41ms (Views: 33.6ms | ActiveRecord: 0.0ms)


Started GET "/" for 127.0.0.1 at 2015-10-06 00:43:29 -0500
Processing by StocksController#index as HTML
Completed 200 OK in 2ms (Views: 1.5ms | ActiveRecord: 0.0ms)


Started GET "/" for 127.0.0.1 at 2015-10-06 00:43:32 -0500
Processing by StocksController#index as HTML
Completed 200 OK in 2ms (Views: 1.7ms | ActiveRecord: 0.0ms)


Started GET "/" for 127.0.0.1 at 2015-10-06 00:43:36 -0500
Processing by StocksController#index as HTML
Completed 200 OK in 2ms (Views: 1.7ms | ActiveRecord: 0.0ms)


Started GET "/" for 127.0.0.1 at 2015-10-06 00:44:57 -0500
Processing by StocksController#index as HTML
  Rendered stocks/index.html.erb within layouts/application (0.8ms)
Completed 200 OK in 314ms (Views: 274.0ms | ActiveRecord: 0.0ms)


Started GET "/assets/stocks.self-e3b0c44298fc1c149afbf4c8996fb92427ae41e4649b934ca495991b7852b855.css?body=1" for 127.0.0.1 at 2015-10-06 00:44:58 -0500


Started GET "/assets/application.self-e80e8f2318043e8af94dddc2adad5a4f09739a8ebb323b3ab31cd71d45fd9113.css?body=1" for 127.0.0.1 at 2015-10-06 00:44:58 -0500


Started GET "/assets/jquery.self-a714331225dda820228db323939889f149aec0127aeb06255646b616ba1ca419.js?body=1" for 127.0.0.1 at 2015-10-06 00:44:58 -0500


Started GET "/assets/jquery_ujs.self-d456baa54c1fa6be2ec3711f0a72ddf7a5b2f34a6b4f515f33767d6207b7d4b3.js?body=1" for 127.0.0.1 at 2015-10-06 00:44:58 -0500


Started GET "/assets/table.self-e3b0c44298fc1c149afbf4c8996fb92427ae41e4649b934ca495991b7852b855.css?body=1" for 127.0.0.1 at 2015-10-06 00:44:58 -0500


Started GET "/assets/turbolinks.self-c37727e9bd6b2735da5c311aa83fead54ed0be6cc8bd9a65309e9c5abe2cbfff.js?body=1" for 127.0.0.1 at 2015-10-06 00:44:58 -0500


Started GET "/assets/stocks.self-877aef30ae1b040ab8a3aba4e3e309a11d7f2612f44dde450b5c157aa5f95c05.js?body=1" for 127.0.0.1 at 2015-10-06 00:44:58 -0500


Started GET "/assets/table.self-877aef30ae1b040ab8a3aba4e3e309a11d7f2612f44dde450b5c157aa5f95c05.js?body=1" for 127.0.0.1 at 2015-10-06 00:44:58 -0500


Started GET "/assets/application.self-3b8dabdc891efe46b9a144b400ad69e37d7e5876bdc39dee783419a69d7ca819.js?body=1" for 127.0.0.1 at 2015-10-06 00:44:58 -0500


Started GET "/stocks/index" for 127.0.0.1 at 2015-10-06 00:45:00 -0500
Processing by StocksController#index as */*
  Rendered stocks/index.html.erb within layouts/application (0.3ms)
Completed 200 OK in 74ms (Views: 73.3ms | ActiveRecord: 0.0ms)


Started GET "/" for 127.0.0.1 at 2015-10-06 00:50:44 -0500
Processing by StocksController#index as HTML
  Rendered stocks/index.html.erb within layouts/application (0.8ms)
Completed 200 OK in 455ms (Views: 414.2ms | ActiveRecord: 0.0ms)


Started GET "/assets/stocks.self-e3b0c44298fc1c149afbf4c8996fb92427ae41e4649b934ca495991b7852b855.css?body=1" for 127.0.0.1 at 2015-10-06 00:50:44 -0500


Started GET "/assets/table.self-e3b0c44298fc1c149afbf4c8996fb92427ae41e4649b934ca495991b7852b855.css?body=1" for 127.0.0.1 at 2015-10-06 00:50:44 -0500


Started GET "/assets/jquery.self-a714331225dda820228db323939889f149aec0127aeb06255646b616ba1ca419.js?body=1" for 127.0.0.1 at 2015-10-06 00:50:44 -0500


Started GET "/assets/view2.self-e3b0c44298fc1c149afbf4c8996fb92427ae41e4649b934ca495991b7852b855.css?body=1" for 127.0.0.1 at 2015-10-06 00:50:44 -0500


Started GET "/assets/turbolinks.self-c37727e9bd6b2735da5c311aa83fead54ed0be6cc8bd9a65309e9c5abe2cbfff.js?body=1" for 127.0.0.1 at 2015-10-06 00:50:44 -0500


Started GET "/assets/jquery_ujs.self-d456baa54c1fa6be2ec3711f0a72ddf7a5b2f34a6b4f515f33767d6207b7d4b3.js?body=1" for 127.0.0.1 at 2015-10-06 00:50:44 -0500


Started GET "/assets/application.self-e80e8f2318043e8af94dddc2adad5a4f09739a8ebb323b3ab31cd71d45fd9113.css?body=1" for 127.0.0.1 at 2015-10-06 00:50:44 -0500


Started GET "/assets/stocks.self-877aef30ae1b040ab8a3aba4e3e309a11d7f2612f44dde450b5c157aa5f95c05.js?body=1" for 127.0.0.1 at 2015-10-06 00:50:44 -0500


Started GET "/assets/table.self-877aef30ae1b040ab8a3aba4e3e309a11d7f2612f44dde450b5c157aa5f95c05.js?body=1" for 127.0.0.1 at 2015-10-06 00:50:44 -0500


Started GET "/assets/view2.self-877aef30ae1b040ab8a3aba4e3e309a11d7f2612f44dde450b5c157aa5f95c05.js?body=1" for 127.0.0.1 at 2015-10-06 00:50:44 -0500


Started GET "/assets/application.self-3b8dabdc891efe46b9a144b400ad69e37d7e5876bdc39dee783419a69d7ca819.js?body=1" for 127.0.0.1 at 2015-10-06 00:50:44 -0500


Started GET "/view2/list" for 127.0.0.1 at 2015-10-06 00:50:46 -0500
Processing by View2Controller#list as */*
Completed 200 OK in 2ms (Views: 0.9ms | ActiveRecord: 0.0ms)


Started GET "/" for 127.0.0.1 at 2015-10-06 02:15:20 -0500
Processing by StocksController#index as HTML
  Rendered stocks/index.html.erb within layouts/application (0.1ms)
Completed 200 OK in 73ms (Views: 72.2ms | ActiveRecord: 0.0ms)


Started GET "/view2/list" for 127.0.0.1 at 2015-10-06 02:15:22 -0500
Processing by View2Controller#list as */*
Completed 200 OK in 1ms (Views: 0.9ms | ActiveRecord: 0.0ms)


Started GET "/" for 127.0.0.1 at 2015-10-06 02:35:46 -0500
Processing by StocksController#index as HTML
  Rendered stocks/index.html.erb within layouts/application (0.8ms)
Completed 200 OK in 317ms (Views: 277.4ms | ActiveRecord: 0.0ms)


Started GET "/view2/list" for 127.0.0.1 at 2015-10-06 02:35:48 -0500
Processing by View2Controller#list as */*
Completed 200 OK in 2ms (Views: 0.9ms | ActiveRecord: 0.0ms)
